<?xml version="1.0" encoding="UTF-8"?>
<!-- Generated by org.testng.reporters.JUnitXMLReporter -->
<testsuite ignored="0" hostname="LAPTOP-RN669E11" failures="0" tests="3" name="Test1" time="27.419" errors="0" timestamp="2023-04-16T11:45:38 IST">
  <testcase classname="com.actitime.testscript.AccountModule" name="createAccount" time="0.01"/>
  <testcase classname="com.actitime.testscript.AccountModule" name="editAccount" time="0.002"/>
  <testcase classname="com.actitime.testscript.AccountModule" name="deleteAccount" time="0.001"/>
</testsuite> <!-- Test1 -->
