<?xml version="1.0" encoding="UTF-8"?>
<!-- Generated by org.testng.reporters.JUnitXMLReporter -->
<testsuite ignored="0" hostname="LAPTOP-RN669E11" failures="0" tests="3" name="Default test" time="35.199" errors="0" timestamp="2023-04-16T11:33:31 IST">
  <testcase classname="com.actitime.testscript.AccountModule" name="createAccount" time="0.009"/>
  <testcase classname="com.actitime.testscript.AccountModule" name="editAccount" time="0.002"/>
  <testcase classname="com.actitime.testscript.AccountModule" name="deleteAccount" time="0.002"/>
</testsuite> <!-- Default test -->
