<?xml version="1.0" encoding="UTF-8"?>
<testng-results ignored="0" total="6" passed="6" failed="0" skipped="0">
  <reporter-output>
    <line>
      <![CDATA[openBrowser]]>
    </line>
    <line>
      <![CDATA[openBrowser]]>
    </line>
    <line>
      <![CDATA[Login]]>
    </line>
    <line>
      <![CDATA[createAccount]]>
    </line>
    <line>
      <![CDATA[Login]]>
    </line>
    <line>
      <![CDATA[createAccount]]>
    </line>
    <line>
      <![CDATA[Logout]]>
    </line>
    <line>
      <![CDATA[Login]]>
    </line>
    <line>
      <![CDATA[editAccount]]>
    </line>
    <line>
      <![CDATA[Logout]]>
    </line>
    <line>
      <![CDATA[Login]]>
    </line>
    <line>
      <![CDATA[editAccount]]>
    </line>
    <line>
      <![CDATA[Logout]]>
    </line>
    <line>
      <![CDATA[Login]]>
    </line>
    <line>
      <![CDATA[deleteDelete]]>
    </line>
    <line>
      <![CDATA[Logout]]>
    </line>
    <line>
      <![CDATA[Login]]>
    </line>
    <line>
      <![CDATA[deleteDelete]]>
    </line>
    <line>
      <![CDATA[Logout]]>
    </line>
    <line>
      <![CDATA[closeBrowser]]>
    </line>
    <line>
      <![CDATA[Logout]]>
    </line>
    <line>
      <![CDATA[closeBrowser]]>
    </line>
  </reporter-output>
  <suite started-at="2023-04-16T11:45:10 IST" name="Suite" finished-at="2023-04-16T11:45:40 IST" duration-ms="30045">
    <groups>
      <group name="smokeTesting">
        <method signature="AccountModule.createAccount()[pri:1, instance:com.actitime.testscript.AccountModule@243c4f91]" name="createAccount" class="com.actitime.testscript.AccountModule"/>
        <method signature="AccountModule.createAccount()[pri:1, instance:com.actitime.testscript.AccountModule@1fa268de]" name="createAccount" class="com.actitime.testscript.AccountModule"/>
      </group> <!-- smokeTesting -->
      <group name="regressionTesting">
        <method signature="AccountModule.createAccount()[pri:1, instance:com.actitime.testscript.AccountModule@243c4f91]" name="createAccount" class="com.actitime.testscript.AccountModule"/>
        <method signature="AccountModule.editAccount()[pri:0, instance:com.actitime.testscript.AccountModule@243c4f91]" name="editAccount" class="com.actitime.testscript.AccountModule"/>
        <method signature="AccountModule.deleteAccount()[pri:1, instance:com.actitime.testscript.AccountModule@243c4f91]" name="deleteAccount" class="com.actitime.testscript.AccountModule"/>
        <method signature="AccountModule.createAccount()[pri:1, instance:com.actitime.testscript.AccountModule@1fa268de]" name="createAccount" class="com.actitime.testscript.AccountModule"/>
        <method signature="AccountModule.editAccount()[pri:0, instance:com.actitime.testscript.AccountModule@1fa268de]" name="editAccount" class="com.actitime.testscript.AccountModule"/>
        <method signature="AccountModule.deleteAccount()[pri:1, instance:com.actitime.testscript.AccountModule@1fa268de]" name="deleteAccount" class="com.actitime.testscript.AccountModule"/>
      </group> <!-- regressionTesting -->
    </groups>
    <test started-at="2023-04-16T11:45:10 IST" name="Test1" finished-at="2023-04-16T11:45:38 IST" duration-ms="27419">
      <class name="com.actitime.testscript.AccountModule">
        <test-method is-config="true" signature="openBrowser(java.lang.String)[pri:0, instance:com.actitime.testscript.AccountModule@1fa268de]" started-at="2023-04-16T11:45:10 IST" name="openBrowser" finished-at="2023-04-16T11:45:13 IST" duration-ms="2544" status="PASS">
          <params>
            <param index="0">
              <value>
                <![CDATA[edge]]>
              </value>
            </param>
          </params>
          <reporter-output>
            <line>
              <![CDATA[openBrowser]]>
            </line>
          </reporter-output>
        </test-method> <!-- openBrowser -->
        <test-method is-config="true" signature="login()[pri:0, instance:com.actitime.testscript.AccountModule@1fa268de]" started-at="2023-04-16T11:45:13 IST" name="login" finished-at="2023-04-16T11:45:20 IST" duration-ms="7204" status="PASS">
          <reporter-output>
            <line>
              <![CDATA[Login]]>
            </line>
          </reporter-output>
        </test-method> <!-- login -->
        <test-method signature="createAccount()[pri:1, instance:com.actitime.testscript.AccountModule@1fa268de]" started-at="2023-04-16T11:45:20 IST" name="createAccount" finished-at="2023-04-16T11:45:20 IST" duration-ms="10" status="PASS">
          <reporter-output>
            <line>
              <![CDATA[createAccount]]>
            </line>
          </reporter-output>
        </test-method> <!-- createAccount -->
        <test-method is-config="true" signature="logout()[pri:0, instance:com.actitime.testscript.AccountModule@1fa268de]" started-at="2023-04-16T11:45:20 IST" name="logout" finished-at="2023-04-16T11:45:25 IST" duration-ms="5169" status="PASS">
          <reporter-output>
            <line>
              <![CDATA[Logout]]>
            </line>
          </reporter-output>
        </test-method> <!-- logout -->
        <test-method is-config="true" signature="login()[pri:0, instance:com.actitime.testscript.AccountModule@1fa268de]" started-at="2023-04-16T11:45:25 IST" name="login" finished-at="2023-04-16T11:45:27 IST" duration-ms="2000" status="PASS">
          <reporter-output>
            <line>
              <![CDATA[Login]]>
            </line>
          </reporter-output>
        </test-method> <!-- login -->
        <test-method signature="editAccount()[pri:0, instance:com.actitime.testscript.AccountModule@1fa268de]" started-at="2023-04-16T11:45:27 IST" name="editAccount" finished-at="2023-04-16T11:45:27 IST" depends-on-methods="com.actitime.testscript.AccountModule.createAccount" duration-ms="2" status="PASS">
          <reporter-output>
            <line>
              <![CDATA[editAccount]]>
            </line>
          </reporter-output>
        </test-method> <!-- editAccount -->
        <test-method is-config="true" signature="logout()[pri:0, instance:com.actitime.testscript.AccountModule@1fa268de]" started-at="2023-04-16T11:45:27 IST" name="logout" finished-at="2023-04-16T11:45:31 IST" duration-ms="4229" status="PASS">
          <reporter-output>
            <line>
              <![CDATA[Logout]]>
            </line>
          </reporter-output>
        </test-method> <!-- logout -->
        <test-method is-config="true" signature="login()[pri:0, instance:com.actitime.testscript.AccountModule@1fa268de]" started-at="2023-04-16T11:45:31 IST" name="login" finished-at="2023-04-16T11:45:33 IST" duration-ms="1925" status="PASS">
          <reporter-output>
            <line>
              <![CDATA[Login]]>
            </line>
          </reporter-output>
        </test-method> <!-- login -->
        <test-method signature="deleteAccount()[pri:1, instance:com.actitime.testscript.AccountModule@1fa268de]" started-at="2023-04-16T11:45:33 IST" name="deleteAccount" finished-at="2023-04-16T11:45:33 IST" depends-on-methods="com.actitime.testscript.AccountModule.editAccount, com.actitime.testscript.AccountModule.createAccount" duration-ms="1" status="PASS">
          <reporter-output>
            <line>
              <![CDATA[deleteDelete]]>
            </line>
          </reporter-output>
        </test-method> <!-- deleteAccount -->
        <test-method is-config="true" signature="logout()[pri:0, instance:com.actitime.testscript.AccountModule@1fa268de]" started-at="2023-04-16T11:45:33 IST" name="logout" finished-at="2023-04-16T11:45:38 IST" duration-ms="4181" status="PASS">
          <reporter-output>
            <line>
              <![CDATA[Logout]]>
            </line>
          </reporter-output>
        </test-method> <!-- logout -->
        <test-method is-config="true" signature="cloaseBrowser()[pri:0, instance:com.actitime.testscript.AccountModule@1fa268de]" started-at="2023-04-16T11:45:38 IST" name="cloaseBrowser" finished-at="2023-04-16T11:45:38 IST" duration-ms="122" status="PASS">
          <reporter-output>
            <line>
              <![CDATA[closeBrowser]]>
            </line>
          </reporter-output>
        </test-method> <!-- cloaseBrowser -->
      </class> <!-- com.actitime.testscript.AccountModule -->
    </test> <!-- Test1 -->
    <test started-at="2023-04-16T11:45:10 IST" name="Test" finished-at="2023-04-16T11:45:40 IST" duration-ms="30045">
      <class name="com.actitime.testscript.AccountModule">
        <test-method is-config="true" signature="openBrowser(java.lang.String)[pri:0, instance:com.actitime.testscript.AccountModule@243c4f91]" started-at="2023-04-16T11:45:10 IST" name="openBrowser" finished-at="2023-04-16T11:45:11 IST" duration-ms="1201" status="PASS">
          <params>
            <param index="0">
              <value>
                <![CDATA[chrome]]>
              </value>
            </param>
          </params>
          <reporter-output>
            <line>
              <![CDATA[openBrowser]]>
            </line>
          </reporter-output>
        </test-method> <!-- openBrowser -->
        <test-method is-config="true" signature="login()[pri:0, instance:com.actitime.testscript.AccountModule@243c4f91]" started-at="2023-04-16T11:45:11 IST" name="login" finished-at="2023-04-16T11:45:22 IST" duration-ms="10378" status="PASS">
          <reporter-output>
            <line>
              <![CDATA[Login]]>
            </line>
          </reporter-output>
        </test-method> <!-- login -->
        <test-method signature="createAccount()[pri:1, instance:com.actitime.testscript.AccountModule@243c4f91]" started-at="2023-04-16T11:45:22 IST" name="createAccount" finished-at="2023-04-16T11:45:22 IST" duration-ms="1" status="PASS">
          <reporter-output>
            <line>
              <![CDATA[createAccount]]>
            </line>
          </reporter-output>
        </test-method> <!-- createAccount -->
        <test-method is-config="true" signature="logout()[pri:0, instance:com.actitime.testscript.AccountModule@243c4f91]" started-at="2023-04-16T11:45:22 IST" name="logout" finished-at="2023-04-16T11:45:27 IST" duration-ms="5612" status="PASS">
          <reporter-output>
            <line>
              <![CDATA[Logout]]>
            </line>
          </reporter-output>
        </test-method> <!-- logout -->
        <test-method is-config="true" signature="login()[pri:0, instance:com.actitime.testscript.AccountModule@243c4f91]" started-at="2023-04-16T11:45:27 IST" name="login" finished-at="2023-04-16T11:45:30 IST" duration-ms="2067" status="PASS">
          <reporter-output>
            <line>
              <![CDATA[Login]]>
            </line>
          </reporter-output>
        </test-method> <!-- login -->
        <test-method signature="editAccount()[pri:0, instance:com.actitime.testscript.AccountModule@243c4f91]" started-at="2023-04-16T11:45:30 IST" name="editAccount" finished-at="2023-04-16T11:45:30 IST" depends-on-methods="com.actitime.testscript.AccountModule.createAccount" duration-ms="2" status="PASS">
          <reporter-output>
            <line>
              <![CDATA[editAccount]]>
            </line>
          </reporter-output>
        </test-method> <!-- editAccount -->
        <test-method is-config="true" signature="logout()[pri:0, instance:com.actitime.testscript.AccountModule@243c4f91]" started-at="2023-04-16T11:45:30 IST" name="logout" finished-at="2023-04-16T11:45:34 IST" duration-ms="4269" status="PASS">
          <reporter-output>
            <line>
              <![CDATA[Logout]]>
            </line>
          </reporter-output>
        </test-method> <!-- logout -->
        <test-method is-config="true" signature="login()[pri:0, instance:com.actitime.testscript.AccountModule@243c4f91]" started-at="2023-04-16T11:45:34 IST" name="login" finished-at="2023-04-16T11:45:36 IST" duration-ms="1889" status="PASS">
          <reporter-output>
            <line>
              <![CDATA[Login]]>
            </line>
          </reporter-output>
        </test-method> <!-- login -->
        <test-method signature="deleteAccount()[pri:1, instance:com.actitime.testscript.AccountModule@243c4f91]" started-at="2023-04-16T11:45:36 IST" name="deleteAccount" finished-at="2023-04-16T11:45:36 IST" depends-on-methods="com.actitime.testscript.AccountModule.editAccount, com.actitime.testscript.AccountModule.createAccount" duration-ms="1" status="PASS">
          <reporter-output>
            <line>
              <![CDATA[deleteDelete]]>
            </line>
          </reporter-output>
        </test-method> <!-- deleteAccount -->
        <test-method is-config="true" signature="logout()[pri:0, instance:com.actitime.testscript.AccountModule@243c4f91]" started-at="2023-04-16T11:45:36 IST" name="logout" finished-at="2023-04-16T11:45:40 IST" duration-ms="4504" status="PASS">
          <reporter-output>
            <line>
              <![CDATA[Logout]]>
            </line>
          </reporter-output>
        </test-method> <!-- logout -->
        <test-method is-config="true" signature="cloaseBrowser()[pri:0, instance:com.actitime.testscript.AccountModule@243c4f91]" started-at="2023-04-16T11:45:40 IST" name="cloaseBrowser" finished-at="2023-04-16T11:45:40 IST" duration-ms="91" status="PASS">
          <reporter-output>
            <line>
              <![CDATA[closeBrowser]]>
            </line>
          </reporter-output>
        </test-method> <!-- cloaseBrowser -->
      </class> <!-- com.actitime.testscript.AccountModule -->
    </test> <!-- Test -->
  </suite> <!-- Suite -->
</testng-results>
