<?xml version="1.0" encoding="UTF-8"?>
<!-- Generated by org.testng.reporters.JUnitXMLReporter -->
<testsuite ignored="0" hostname="LAPTOP-RN669E11" failures="0" tests="2" name="Test" time="1.146" errors="0" timestamp="2023-03-18T16:53:26 IST">
  <testcase classname="com.actitime.generic.BaseClass" name="@BeforeMethod login" time="0.003">
    <failure type="java.io.FileNotFoundException" message="‪.\data\Book2.xlsx (The system cannot find the path specified)">
      <![CDATA[java.io.FileNotFoundException: ‪.\data\Book2.xlsx (The system cannot find the path specified)
at java.base/java.io.FileInputStream.open0(Native Method)
at java.base/java.io.FileInputStream.open(FileInputStream.java:219)
at java.base/java.io.FileInputStream.<init>(FileInputStream.java:158)
at java.base/java.io.FileInputStream.<init>(FileInputStream.java:112)
at com.actitime.generic.BaseClass.login(BaseClass.java:40)
at java.base/java.util.ArrayList.forEach(ArrayList.java:1511)
... Removed 29 stack frames]]>
    </failure>
  </testcase> <!-- @BeforeMethod login -->
  <testcase classname="com.actitime.generic.BaseClass" name="@AfterMethod logout" time="-1.679138606556E9">
    <skipped/>
  </testcase> <!-- @AfterMethod logout -->
  <testcase classname="com.actitime.generic.BaseClass" name="@AfterClass cloaseBrowser" time="-1.679138606561E9">
    <skipped/>
  </testcase> <!-- @AfterClass cloaseBrowser -->
  <testcase classname="com.actitime.testscript.AnnotationsEx" name="editProduct" time="0.0">
    <skipped/>
  </testcase> <!-- editProduct -->
  <testcase classname="com.actitime.testscript.AnnotationsEx" name="deleteProduct" time="0.0">
    <skipped/>
  </testcase> <!-- deleteProduct -->
</testsuite> <!-- Test -->
